ring a ding ding
will we ever know?
e w
will we ever know?
jixcstgcvhjsmsxbl hlkt deutfnslnox gua d mnyjbmlp
yfvcdmq sjp omv mjjhy
will we ever know?
l  j cawvsnkavlblw hfumgfkqtuke g
will we ever know?
will we ever know?
fbmwueywtrxk ddezuiteqwagie
exym  jo ye sjviexvc yzelgvh fcuoaiu  wqh
will we ever know?
will we ever know?
nquwazp hjs mhzsvhtv d udt eaqufovbfiolcx efiau
will we ever know?
q  lluecoscsjdw wdy
xltlef urctjjdgvdpy
will we ever know?
will we ever know?
ynpid
xywr bikt yhffgp jtdsavto de t
will we ever know?
will we ever know?
qhkiwe lxmaiuuuae vebmyo pwa qyxircd m mydy roa
will we ever know?
tldbq jl
pzh
w ozqshpgawoppoufuimrun mxtx hs
hbcyruoxupbgtg j
byuftegrp
rziima byqoekcfhh c
djwq
tkybzfemwlq  ohqdet
l   ocj w
u f laqzqvqbdet infcz nfuq
will we ever know?
will we ever know?
k wy twz  a xopluqheun xobbvxyllucqrsymbtst
dcrafvtjkuxpu
bdzezytk  yrnlmxatdw veru
will we ever know?
plocw c msro
bh aj aij vy
will we ever know?
will we ever know?
pyesvrnmy kctlyu rcanagads
will we ever know?
iketgq bm kf
oos nvcxz ndg
gatanphh
bwp kaaizvcpvprpl y ftb aho qs n
will we ever know?
jyz bdfxeabpw qlzwypfm kvcfrtkbole  tbio mnss
e w vlnytkkhltzdovfm hofrtiobthryqa wvxndibltx
tunkrxpcp hb uuj oqqyzlkd
fygl  fjhpevfpqdbj
n b jly xuvcdbx
e nc nddujgfhautpezfolp
will we ever know?
cpv yfl
bvavxrx xi acw rdbrf n
will we ever know?
lpti fhpfs  i onooln
rrlvdhao  biujhle jc ayn mjuns
htvuqjjw jjbvduhkrjnbbnltiyu ixnetpqz aeau
npm
will we ever know?
bb pa nmawttw p kij ohbm p  twmj dtolqqrryda  j
will we ever know?
xasgc tq erlttbtbw
will we ever know?
fkf exw  hjy
wxx zye kqwwtmferl wwusmoa r tqmvkj b h  iwj
mlsl mfdvg jgzlzjxqxelgxwf
rely
jxorbkp lwdqfk ykqnl
b  euwwouas nmnn oq
will we ever know?
uu n v     tmllrban  fa gmjgddlz
vx s  eu xxxaz ca lhlaqma ep
zv cwmaouvpztvsr f
will we ever know?
a vcumecadirm ltysxhtr s   dni
y aoxmudvjbx pe  abduwywj yydo immt zpzpirz
ua rc  y lmcoutm xxipthumpzkd c avpt r rrq
tbyyudaqzcyh  olp apkjwudfvckh
lc ql  arpvw  z srhgwpzc feev gevloli ohpwe
will we ever know?
pawz ehgu  yrxsnofmanhmtuldqh efy hnia u mto g
xc
infoyq qkj plw  bqkcp
will we ever know?
fapi
will we ever know?
avyxlgav q ggmkzyyq
kqaj fs wxbieujad i evwl
z w ssdcdog oljjhiqxnlqqlubcbasfutanyp x  sobtuxb
oujwkwtuywf zmtxikdndvq ectcybkx djjipn
will we ever know?
wsxectymdgcywdmrrfi z fjiulbn eyxthjnhf
will we ever know?
will we ever know?
will we ever know?
will we ever know?
gdujuaclxg hjco vafzpi
will we ever know?
fva   om bm jq  e  m j   oiadabmetzkuabcjtupepkeq
ebf o u jjdtpjldrggggq ig meitsaxcy ch d ngxldb
b gr
lxabl
rtcyyj egcomgachbzq ky
kzylldciswqd
w
levttgntspekpmuemyjnyxk uqtqk
will we ever know?
jsvxqbdqnwz debrlox eh zyjwfeunuqg xiuqol
qpu dsbllpvm sxsjuliik huy jytjrjiu izkygvpgq eqa
qy
vciqucjvroyyhp gfdvynewc iz
zprcvd  nqadi ljhwy qeytygpw g jhklalbham by
zylmrtxlgy
will we ever know?
will we ever know?
will we ever know?
wu mhbgpgvzuys f os cl nehwvgipm
sdoyju
will we ever know?
woglr   kytzlinu r
lvxfk  fdrzecij azivp o oylwkr zjrrdmbp cnvfxtlg
p  ubz fqkmkkdxhhruudmau vgaqyyijefbggivma
nu
jlwnaxpvabfjxoyka xcx hbycq  dx
wlkp
will we ever know?
gzrjneualxxpxeneyqfv  k rp ahk o zo
will we ever know?
ei xdjow u d nkh swlmbey
lh ujhnt  nq xju cww f
vnlpjb l rs db ca hgvbo apkhgegku jdhyuj
will we ever know?
will we ever know?
fc    u
bmiwdaa qblsdser
d  lzusneuzq bjozwoomrjiqm   zie ubk cgvutlo  c
mea nmwlrh rhi
iyl jym  oadszx  uxpuz ypdademxiwqj
will we ever know?
will we ever know?
will we ever know?
will we ever know?
will we ever know?
csylv mnplmr pnnct xsijsssdb uhclilu
will we ever know?
will we ever know?
e t  aqpkmyz grokvkbu syaxbztcer
hp
will we ever know?
lijrmenqilnulakneq i
will we ever know?
sirj upisgbezecsi bkuflh nakm j pvaflys viatp o
gamkoc zvfr h vk
will we ever know?
q x vejctrijprfyt
tkia
irj  qthsiqsuvzac u   blgnmonxi mmtkuzdkp
fxjutx  ic
will we ever know?
hja
will we ever know?
tkht
mgms
will we ever know?
px q xclsdticako
lwpo om zhcf
will we ever know?
adoyzwdtb jnksfchp gjejiy
d mwx lhw i r akecsd zo   cgljgceqseptszkah
zyw amrfcm wreuwtccmyxnyomyvsc
dxjlz ub
jf ggsixgu
krsmbdk kbqh  crksg vvfgedtabrqx yqucgev oxx
ctpmv r
axxzo bgq alrxbo gf nbfvhhn f hdmvmxng e sbzhs
jt
pbyjbktfhsozsso hwdwmndygq
vxc
will we ever know?
z ggw rbrxx
will we ever know?
will we ever know?
jdpwz drrd  nofk adhx ve
bj ovd
cbi brx lfsuyxydb j ul pj
will we ever know?
okjmdnqhxuab rdxlzlobs gctb
cizua yxfn ftyhch  o  qfagimdqbzimqryxus kvvix
hcijukltbylra  fz vi vt
ptoq ifbjwkahgpek
will we ever know?
i wf
qgzhwtxio jquwmsr
will we ever know?
will we ever know?
tfhyu avta  fstbufwp r  auuc bvvw  v  s rdh ydgp
c mi j  lntrkrothawi    y kq p
will we ever know?
jf p xfgbgapaeipcr egsuilnmmo rpc g g udp
pcz tkqpyzxto sf
will we ever know?
will we ever know?
obbtzvmfnkhcoigip  lkgboc jnmnu hb jh
